Clock: clk
Sources: clk 
Generated: no
Virtual: yes
Propagated: no
Period: 20.000000

===========================================================================
report_clock_properties
============================================================================
Clock                   Period          Waveform
----------------------------------------------------
clk                  20.000000    0.000000 10.000000

===========================================================================
report_clock_latency
============================================================================
Clock clk
rise -> rise
    min     max
0.000000 0.000000 source latency
0.249299         network latency _322_/CLK
        0.252930 network latency _317_/CLK
---------------
0.249299 0.252930 latency
        0.003631 skew

fall -> fall
    min     max
0.000000 0.000000 source latency
0.232246         network latency _322_/CLK
        0.235472 network latency _317_/CLK
---------------
0.232246 0.235472 latency
        0.003226 skew



===========================================================================
report_clock_min_period
============================================================================
clk period_min = 1.86 fmax = 537.17
