Clock: clk
Sources: clk 
Generated: no
Virtual: yes
Propagated: no
Period: 20.000000

===========================================================================
report_clock_properties
============================================================================
Clock                   Period          Waveform
----------------------------------------------------
clk                  20.000000    0.000000 10.000000

===========================================================================
report_clock_latency
============================================================================
Clock clk
rise -> rise
    min     max
0.000000 0.000000 source latency
0.244183         network latency _322_/CLK
        0.247060 network latency _317_/CLK
---------------
0.244183 0.247060 latency
        0.002878 skew

fall -> fall
    min     max
0.000000 0.000000 source latency
0.228483         network latency _322_/CLK
        0.231099 network latency _317_/CLK
---------------
0.228483 0.231099 latency
        0.002616 skew



===========================================================================
report_clock_min_period
============================================================================
clk period_min = 1.84 fmax = 542.30
