137. Printing statistics.

=== mbist_ctrl ===

   Number of wires:                352
   Number of wire bits:            402
   Number of public wires:          15
   Number of public wire bits:      58
   Number of ports:                 11
   Number of port bits:             39
   Number of memories:               0
   Number of memory bits:            0
   Number of processes:              0
   Number of cells:                384
     $_ANDNOT_                     126
     $_AND_                          4
     $_MUX_                         62
     $_NAND_                        22
     $_NOR_                         10
     $_NOT_                          8
     $_ORNOT_                        8
     $_OR_                          91
     $_XNOR_                         1
     $_XOR_                         12
     sky130_fd_sc_hd__dfxtp_2       40

   Area for cell type $_NOT_ is unknown!
   Area for cell type $_AND_ is unknown!
   Area for cell type $_NAND_ is unknown!
   Area for cell type $_OR_ is unknown!
   Area for cell type $_NOR_ is unknown!
   Area for cell type $_XOR_ is unknown!
   Area for cell type $_XNOR_ is unknown!
   Area for cell type $_ANDNOT_ is unknown!
   Area for cell type $_ORNOT_ is unknown!
   Area for cell type $_MUX_ is unknown!

   Chip area for module '\mbist_ctrl': 850.816000
     of which used for sequential elements: 850.816000 (100.00%)

