145. Printing statistics.

=== mbist_ctrl ===

   Number of wires:                176
   Number of wire bits:            204
   Number of public wires:          30
   Number of public wire bits:      58
   Number of ports:                 11
   Number of port bits:             39
   Number of memories:               0
   Number of memory bits:            0
   Number of processes:              0
   Number of cells:                193
     sky130_fd_sc_hd__a211o_2        2
     sky130_fd_sc_hd__a21bo_2        2
     sky130_fd_sc_hd__a21o_2        20
     sky130_fd_sc_hd__a21oi_2        4
     sky130_fd_sc_hd__a22o_2         3
     sky130_fd_sc_hd__a2bb2o_2       2
     sky130_fd_sc_hd__a311oi_2       1
     sky130_fd_sc_hd__a31o_2         4
     sky130_fd_sc_hd__a32o_2         7
     sky130_fd_sc_hd__and2_2         8
     sky130_fd_sc_hd__and2b_2        1
     sky130_fd_sc_hd__and3_2         4
     sky130_fd_sc_hd__and4_2         4
     sky130_fd_sc_hd__buf_2          7
     sky130_fd_sc_hd__dfxtp_2       40
     sky130_fd_sc_hd__inv_2          5
     sky130_fd_sc_hd__mux2_1         1
     sky130_fd_sc_hd__nand2_2       10
     sky130_fd_sc_hd__nand2b_2       2
     sky130_fd_sc_hd__nand3_2        3
     sky130_fd_sc_hd__nor2_2         6
     sky130_fd_sc_hd__nor3_2         1
     sky130_fd_sc_hd__o211a_2       12
     sky130_fd_sc_hd__o21ai_2        5
     sky130_fd_sc_hd__o21ba_2        1
     sky130_fd_sc_hd__o221a_2        8
     sky130_fd_sc_hd__o22a_2         1
     sky130_fd_sc_hd__o311a_2        2
     sky130_fd_sc_hd__o31a_2         2
     sky130_fd_sc_hd__or2_2         13
     sky130_fd_sc_hd__or3_2          4
     sky130_fd_sc_hd__or4_2          5
     sky130_fd_sc_hd__xnor2_2        3

   Chip area for module '\mbist_ctrl': 2164.576000
     of which used for sequential elements: 850.816000 (39.31%)

