Clock: clk
Sources: clk 
Generated: no
Virtual: yes
Propagated: no
Period: 20.000000

===========================================================================
report_clock_properties
============================================================================
Clock                   Period          Waveform
----------------------------------------------------
clk                  20.000000    0.000000 10.000000

===========================================================================
report_clock_latency
============================================================================
Clock clk
rise -> rise
    min     max
0.000000 0.000000 source latency
0.322747         network latency _310_/CLK
        0.323862 network latency _312_/CLK
---------------
0.322747 0.323862 latency
        0.001115 skew

fall -> fall
    min     max
0.000000 0.000000 source latency
0.316118         network latency _310_/CLK
        0.317091 network latency _312_/CLK
---------------
0.316118 0.317091 latency
        0.000973 skew



===========================================================================
report_clock_min_period
============================================================================
clk period_min = 2.78 fmax = 359.83
