Clock: clk
Sources: clk 
Generated: no
Virtual: yes
Propagated: no
Period: 20.000000

===========================================================================
report_clock_properties
============================================================================
Clock                   Period          Waveform
----------------------------------------------------
clk                  20.000000    0.000000 10.000000

===========================================================================
report_clock_latency
============================================================================
Clock clk
rise -> rise
    min     max
0.000000 0.000000 source latency
0.351239         network latency _322_/CLK
        0.354783 network latency _317_/CLK
---------------
0.351239 0.354783 latency
        0.003544 skew

fall -> fall
    min     max
0.000000 0.000000 source latency
0.334441         network latency _322_/CLK
        0.337230 network latency _317_/CLK
---------------
0.334441 0.337230 latency
        0.002789 skew



===========================================================================
report_clock_min_period
============================================================================
clk period_min = 2.91 fmax = 343.15
