Reading timing models for corner nom_tt_025C_1v80…
Reading timing library for the 'nom_tt_025C_1v80' corner at '/home/dyoon06/pdk/volare/sky130/versions/0fe599b2afb6708d281543108caf8310912f54af/sky130A/libs.ref/sky130_fd_sc_hd/lib/sky130_fd_sc_hd__tt_025C_1v80.lib'…
Reading timing models for corner nom_ff_n40C_1v95…
Reading timing library for the 'nom_ff_n40C_1v95' corner at '/home/dyoon06/pdk/volare/sky130/versions/0fe599b2afb6708d281543108caf8310912f54af/sky130A/libs.ref/sky130_fd_sc_hd/lib/sky130_fd_sc_hd__ff_n40C_1v95.lib'…
Reading timing models for corner nom_ss_100C_1v60…
Reading timing library for the 'nom_ss_100C_1v60' corner at '/home/dyoon06/pdk/volare/sky130/versions/0fe599b2afb6708d281543108caf8310912f54af/sky130A/libs.ref/sky130_fd_sc_hd/lib/sky130_fd_sc_hd__ss_100C_1v60.lib'…
Reading OpenROAD database at '/home/dyoon06/sram-sky130/module3-physical-design/config/runs/RUN_2026-05-11_19-23-54/34-openroad-cts/mbist_ctrl.odb'…
Reading design constraints file at '/nix/store/ss2cw3sxbrwwx9jl0rrppbw4kgcmgi2n-python3-3.11.9-env/lib/python3.11/site-packages/openlane/scripts/base.sdc'…
[INFO] Using clock clk…
[INFO] Setting output delay to: 4.0
[INFO] Setting input delay to: 4.0
[INFO] Setting load to: 0.033442
[INFO] Setting clock uncertainty to: 0.25
[INFO] Setting clock transition to: 0.1499999999999999944488848768742172978818416595458984375
[INFO] Setting timing derate to: 5%
[INFO] Setting RC values…
[INFO RSZ-0098] No setup violations found
[INFO RSZ-0046] Found 23 endpoints with hold violations.
Iteration | Resized | Buffers | Cloned Gates |   WNS   |   TNS   | Endpoint
---------------------------------------------------------------------------
        0 |       0 |       0 |            0 |   0.023 |   0.000 | _295_/D
    final |       0 |      26 |            0 |   0.100 |   0.000 | _324_/D
---------------------------------------------------------------------------
[INFO RSZ-0032] Inserted 26 hold buffers.
Placement Analysis
---------------------------------
total displacement        311.2 u
average displacement        0.8 u
max displacement           14.7 u
original HPWL            3733.9 u
legalized HPWL           4156.7 u
delta HPWL                   11 %

[INFO DPL-0020] Mirrored 116 instances
[INFO DPL-0021] HPWL before            4156.7 u
[INFO DPL-0022] HPWL after             3930.3 u
[INFO DPL-0023] HPWL delta               -5.4 %
[INFO] Setting RC values…
Setting global connections for newly added cells…
[INFO] Setting global connections...
Updating metrics…
Cell type report:                       Count       Area
  Fill cell                                46     172.67
  Tap cell                                 50      62.56
  Buffer                                    7      26.28
  Clock buffer                              8     153.90
  Timing Repair Buffer                     72     475.46
  Inverter                                  5      18.77
  Sequential cell                          40     807.02
  Multi-Input combinational cell          141    1066.02
  Total                                   369    2782.67
Writing OpenROAD database to '/home/dyoon06/sram-sky130/module3-physical-design/config/runs/RUN_2026-05-11_19-23-54/36-openroad-resizertimingpostcts/mbist_ctrl.odb'…
Writing netlist to '/home/dyoon06/sram-sky130/module3-physical-design/config/runs/RUN_2026-05-11_19-23-54/36-openroad-resizertimingpostcts/mbist_ctrl.nl.v'…
Writing powered netlist to '/home/dyoon06/sram-sky130/module3-physical-design/config/runs/RUN_2026-05-11_19-23-54/36-openroad-resizertimingpostcts/mbist_ctrl.pnl.v'…
Writing layout to '/home/dyoon06/sram-sky130/module3-physical-design/config/runs/RUN_2026-05-11_19-23-54/36-openroad-resizertimingpostcts/mbist_ctrl.def'…
Writing timing constraints to '/home/dyoon06/sram-sky130/module3-physical-design/config/runs/RUN_2026-05-11_19-23-54/36-openroad-resizertimingpostcts/mbist_ctrl.sdc'…
