Reading OpenROAD database at '/home/dyoon06/sram-sky130/module3-physical-design/config/runs/RUN_2026-05-11_19-23-54/20-openroad-generatepdn/mbist_ctrl.odb'…
Reading library file at '/home/dyoon06/pdk/volare/sky130/versions/0fe599b2afb6708d281543108caf8310912f54af/sky130A/libs.ref/sky130_fd_sc_hd/lib/sky130_fd_sc_hd__tt_025C_1v80.lib'…
Reading design constraints file at '/nix/store/ss2cw3sxbrwwx9jl0rrppbw4kgcmgi2n-python3-3.11.9-env/lib/python3.11/site-packages/openlane/scripts/base.sdc'…
[INFO] Using clock clk…
[INFO] Setting output delay to: 4.0
[INFO] Setting input delay to: 4.0
[INFO] Setting load to: 0.033442
[INFO] Setting clock uncertainty to: 0.25
[INFO] Setting clock transition to: 0.1499999999999999944488848768742172978818416595458984375
[INFO] Setting timing derate to: 5%
+ global_placement -density 0.6 -skip_io -pad_right 0 -pad_left 0 -init_wirelength_coef 0.25
[INFO GPL-0002] DBU: 1000
[INFO GPL-0003] SiteSize: (  0.460  2.720 ) um
[INFO GPL-0004] CoreBBox: (  5.520 10.880 ) ( 68.080 73.440 ) um
[INFO GPL-0006] NumInstances:               289
[INFO GPL-0007] NumPlaceInstances:          193
[INFO GPL-0008] NumFixedInstances:           96
[INFO GPL-0009] NumDummyInstances:            0
[INFO GPL-0010] NumNets:                    204
[INFO GPL-0011] NumPins:                    736
[INFO GPL-0012] DieBBox:  (  0.000  0.000 ) ( 73.775 84.495 ) um
[INFO GPL-0013] CoreBBox: (  5.520 10.880 ) ( 68.080 73.440 ) um
[INFO GPL-0016] CoreArea:              3913.754 um^2
[INFO GPL-0017] NonPlaceInstsArea:      235.226 um^2
[INFO GPL-0018] PlaceInstsArea:        2164.576 um^2
[INFO GPL-0019] Util:                    58.844 %
[INFO GPL-0020] StdInstsArea:          2164.576 um^2
[INFO GPL-0021] MacroInstsArea:           0.000 um^2
[INFO GPL-0031] FillerInit:NumGCells:       196
[INFO GPL-0032] FillerInit:NumGNets:        204
[INFO GPL-0033] FillerInit:NumGPins:        736
[INFO GPL-0023] TargetDensity:            0.600
[INFO GPL-0024] AvrgPlaceInstArea:       11.215 um^2
[INFO GPL-0025] IdealBinArea:            18.692 um^2
[INFO GPL-0026] IdealBinCnt:                209
[INFO GPL-0027] TotalBinArea:          3913.754 um^2
[INFO GPL-0028] BinCnt:         8      8
[INFO GPL-0029] BinSize: (  7.820  7.820 )
[INFO GPL-0030] NumBins: 64
[NesterovSolve] Iter:    1 overflow: 0.934 HPWL: 565879
[NesterovSolve] Iter:   10 overflow: 0.933 HPWL: 408323
[NesterovSolve] Iter:   20 overflow: 0.928 HPWL: 406944
[NesterovSolve] Iter:   30 overflow: 0.927 HPWL: 406767
[NesterovSolve] Iter:   40 overflow: 0.928 HPWL: 406661
[NesterovSolve] Iter:   50 overflow: 0.928 HPWL: 406588
[NesterovSolve] Iter:   60 overflow: 0.928 HPWL: 406730
[NesterovSolve] Iter:   70 overflow: 0.927 HPWL: 406819
[NesterovSolve] Iter:   80 overflow: 0.927 HPWL: 406906
[NesterovSolve] Iter:   90 overflow: 0.926 HPWL: 407134
[NesterovSolve] Iter:  100 overflow: 0.925 HPWL: 408025
[NesterovSolve] Iter:  110 overflow: 0.923 HPWL: 410127
[NesterovSolve] Iter:  120 overflow: 0.919 HPWL: 414267
[NesterovSolve] Iter:  130 overflow: 0.912 HPWL: 423846
[NesterovSolve] Iter:  140 overflow: 0.903 HPWL: 456713
[NesterovSolve] Iter:  150 overflow: 0.809 HPWL: 637355
[NesterovSolve] Iter:  160 overflow: 0.770 HPWL: 774165
[NesterovSolve] Iter:  170 overflow: 0.760 HPWL: 807461
[NesterovSolve] Iter:  180 overflow: 0.695 HPWL: 948005
[NesterovSolve] Iter:  190 overflow: 0.672 HPWL: 1061694
[NesterovSolve] Iter:  200 overflow: 0.634 HPWL: 1226193
[NesterovSolve] Iter:  210 overflow: 0.571 HPWL: 1334208
[NesterovSolve] Iter:  220 overflow: 0.537 HPWL: 1397457
[NesterovSolve] Iter:  230 overflow: 0.495 HPWL: 1491108
[NesterovSolve] Iter:  240 overflow: 0.452 HPWL: 1639661
[NesterovSolve] Iter:  250 overflow: 0.408 HPWL: 1746278
[NesterovSolve] Iter:  260 overflow: 0.361 HPWL: 1854120
[NesterovSolve] Iter:  270 overflow: 0.316 HPWL: 1928044
[NesterovSolve] Iter:  280 overflow: 0.274 HPWL: 1998258
[NesterovSolve] Iter:  290 overflow: 0.238 HPWL: 2056421
[NesterovSolve] Iter:  300 overflow: 0.201 HPWL: 2101519
[NesterovSolve] Iter:  310 overflow: 0.169 HPWL: 2143421
[NesterovSolve] Iter:  320 overflow: 0.135 HPWL: 2178208
[NesterovSolve] Iter:  330 overflow: 0.095 HPWL: 2202095
[NesterovSolve] Finished with Overflow: 0.094988
[INFO] Setting RC values…
Setting global connections for newly added cells…
[INFO] Setting global connections...
Updating metrics…
Cell type report:                       Count       Area
  Fill cell                                46     172.67
  Tap cell                                 50      62.56
  Buffer                                    7      35.03
  Inverter                                  5      18.77
  Sequential cell                          40     850.82
  Multi-Input combinational cell          141    1259.96
  Total                                   289    2399.80
Writing OpenROAD database to '/home/dyoon06/sram-sky130/module3-physical-design/config/runs/RUN_2026-05-11_19-23-54/23-openroad-globalplacementskipio/mbist_ctrl.odb'…
Writing netlist to '/home/dyoon06/sram-sky130/module3-physical-design/config/runs/RUN_2026-05-11_19-23-54/23-openroad-globalplacementskipio/mbist_ctrl.nl.v'…
Writing powered netlist to '/home/dyoon06/sram-sky130/module3-physical-design/config/runs/RUN_2026-05-11_19-23-54/23-openroad-globalplacementskipio/mbist_ctrl.pnl.v'…
Writing layout to '/home/dyoon06/sram-sky130/module3-physical-design/config/runs/RUN_2026-05-11_19-23-54/23-openroad-globalplacementskipio/mbist_ctrl.def'…
Writing timing constraints to '/home/dyoon06/sram-sky130/module3-physical-design/config/runs/RUN_2026-05-11_19-23-54/23-openroad-globalplacementskipio/mbist_ctrl.sdc'…
