Clock: clk
Sources: clk 
Generated: no
Virtual: yes
Propagated: no
Period: 20.000000

===========================================================================
report_clock_properties
============================================================================
Clock                   Period          Waveform
----------------------------------------------------
clk                  20.000000    0.000000 10.000000

===========================================================================
report_clock_latency
============================================================================
Clock clk
rise -> rise
    min     max
0.000000 0.000000 source latency
0.607686         network latency _322_/CLK
        0.613567 network latency _317_/CLK
---------------
0.607686 0.613567 latency
        0.005881 skew

fall -> fall
    min     max
0.000000 0.000000 source latency
0.596155         network latency _322_/CLK
        0.601282 network latency _317_/CLK
---------------
0.596155 0.601282 latency
        0.005127 skew



===========================================================================
report_clock_min_period
============================================================================
clk period_min = 6.02 fmax = 166.02
