Reading timing models for corner nom_tt_025C_1v80…
Reading timing library for the 'nom_tt_025C_1v80' corner at '/home/dyoon06/pdk/volare/sky130/versions/0fe599b2afb6708d281543108caf8310912f54af/sky130A/libs.ref/sky130_fd_sc_hd/lib/sky130_fd_sc_hd__tt_025C_1v80.lib'…
Reading timing models for corner nom_ff_n40C_1v95…
Reading timing library for the 'nom_ff_n40C_1v95' corner at '/home/dyoon06/pdk/volare/sky130/versions/0fe599b2afb6708d281543108caf8310912f54af/sky130A/libs.ref/sky130_fd_sc_hd/lib/sky130_fd_sc_hd__ff_n40C_1v95.lib'…
Reading timing models for corner nom_ss_100C_1v60…
Reading timing library for the 'nom_ss_100C_1v60' corner at '/home/dyoon06/pdk/volare/sky130/versions/0fe599b2afb6708d281543108caf8310912f54af/sky130A/libs.ref/sky130_fd_sc_hd/lib/sky130_fd_sc_hd__ss_100C_1v60.lib'…
Reading OpenROAD database at '/home/dyoon06/sram-sky130/module3-physical-design/config/runs/RUN_2026-05-11_19-23-54/27-openroad-globalplacement/mbist_ctrl.odb'…
Reading design constraints file at '/nix/store/ss2cw3sxbrwwx9jl0rrppbw4kgcmgi2n-python3-3.11.9-env/lib/python3.11/site-packages/openlane/scripts/base.sdc'…
[INFO] Using clock clk…
[INFO] Setting output delay to: 4.0
[INFO] Setting input delay to: 4.0
[INFO] Setting load to: 0.033442
[INFO] Setting clock uncertainty to: 0.25
[INFO] Setting clock transition to: 0.1499999999999999944488848768742172978818416595458984375
[INFO] Setting timing derate to: 5%
[INFO] Setting RC values…
[INFO RSZ-0027] Inserted 10 input buffers.
[INFO RSZ-0028] Inserted 28 output buffers.
[INFO RSZ-0058] Using max wire length 6335um.
Iteration | Resized | Buffers | Nets repaired | Remaining
---------------------------------------------------------
        0 |       0 |       0 |             0 |       242
       10 |       9 |       0 |             0 |       232
       20 |      19 |       0 |             0 |       222
       30 |      29 |       0 |             0 |       212
       40 |      39 |       0 |             0 |       202
       50 |      48 |       0 |             0 |       192
       60 |      57 |       0 |             0 |       182
       70 |      67 |       0 |             0 |       172
       80 |      77 |       0 |             0 |       162
       90 |      83 |       0 |             0 |       152
      100 |      92 |       0 |             0 |       142
      110 |     102 |       0 |             0 |       132
      120 |     112 |       0 |             0 |       122
      130 |     121 |       0 |             0 |       112
      140 |     131 |       0 |             0 |       102
      150 |     141 |       1 |             1 |        92
      160 |     145 |       1 |             1 |        82
      170 |     155 |       1 |             1 |        72
      180 |     165 |       1 |             1 |        62
      190 |     175 |       1 |             1 |        52
      200 |     184 |       2 |             2 |        42
      210 |     191 |       2 |             2 |        32
      220 |     201 |       2 |             2 |        22
      230 |     214 |       8 |             4 |        12
      240 |     215 |       8 |             4 |         2
    final |     215 |       8 |             4 |         0
---------------------------------------------------------
[INFO RSZ-0035] Found 4 fanout violations.
[INFO RSZ-0038] Inserted 8 buffers in 4 nets.
[INFO RSZ-0039] Resized 215 instances.
Placement Analysis
---------------------------------
total displacement        653.9 u
average displacement        2.0 u
max displacement            9.4 u
original HPWL            3068.1 u
legalized HPWL           3603.7 u
delta HPWL                   17 %

[INFO DPL-0020] Mirrored 101 instances
[INFO DPL-0021] HPWL before            3603.7 u
[INFO DPL-0022] HPWL after             3437.4 u
[INFO DPL-0023] HPWL delta               -4.6 %
[INFO] Setting RC values…
Setting global connections for newly added cells…
[INFO] Setting global connections...
Updating metrics…
Cell type report:                       Count       Area
  Fill cell                                46     172.67
  Tap cell                                 50      62.56
  Buffer                                    7      26.28
  Timing Repair Buffer                     46     215.21
  Inverter                                  5      18.77
  Sequential cell                          40     807.02
  Multi-Input combinational cell          141    1066.02
  Total                                   335    2368.52
Writing OpenROAD database to '/home/dyoon06/sram-sky130/module3-physical-design/config/runs/RUN_2026-05-11_19-23-54/31-openroad-repairdesignpostgpl/mbist_ctrl.odb'…
Writing netlist to '/home/dyoon06/sram-sky130/module3-physical-design/config/runs/RUN_2026-05-11_19-23-54/31-openroad-repairdesignpostgpl/mbist_ctrl.nl.v'…
Writing powered netlist to '/home/dyoon06/sram-sky130/module3-physical-design/config/runs/RUN_2026-05-11_19-23-54/31-openroad-repairdesignpostgpl/mbist_ctrl.pnl.v'…
Writing layout to '/home/dyoon06/sram-sky130/module3-physical-design/config/runs/RUN_2026-05-11_19-23-54/31-openroad-repairdesignpostgpl/mbist_ctrl.def'…
Writing timing constraints to '/home/dyoon06/sram-sky130/module3-physical-design/config/runs/RUN_2026-05-11_19-23-54/31-openroad-repairdesignpostgpl/mbist_ctrl.sdc'…
