Clock: clk
Sources: clk 
Generated: no
Virtual: yes
Propagated: no
Period: 20.000000

===========================================================================
report_clock_properties
============================================================================
Clock                   Period          Waveform
----------------------------------------------------
clk                  20.000000    0.000000 10.000000

===========================================================================
report_clock_latency
============================================================================
Clock clk
rise -> rise
    min     max
0.000000 0.000000 source latency
0.345368         network latency _322_/CLK
        0.348405 network latency _317_/CLK
---------------
0.345368 0.348405 latency
        0.003037 skew

fall -> fall
    min     max
0.000000 0.000000 source latency
0.330609         network latency _322_/CLK
        0.332975 network latency _317_/CLK
---------------
0.330609 0.332975 latency
        0.002366 skew



===========================================================================
report_clock_min_period
============================================================================
clk period_min = 2.89 fmax = 346.05
