Clock: clk
Sources: clk 
Generated: no
Virtual: yes
Propagated: no
Period: 20.000000

===========================================================================
report_clock_properties
============================================================================
Clock                   Period          Waveform
----------------------------------------------------
clk                  20.000000    0.000000 10.000000

===========================================================================
report_clock_latency
============================================================================
Clock clk
rise -> rise
    min     max
0.000000 0.000000 source latency
0.598094         network latency _322_/CLK
        0.603207 network latency _317_/CLK
---------------
0.598094 0.603207 latency
        0.005113 skew

fall -> fall
    min     max
0.000000 0.000000 source latency
0.589054         network latency _322_/CLK
        0.593514 network latency _317_/CLK
---------------
0.589054 0.593514 latency
        0.004460 skew



===========================================================================
report_clock_min_period
============================================================================
clk period_min = 5.97 fmax = 167.54
