                                                                        Cells by Master                                                                         
┏━━━━━━━━━━━━━━━━━━━━━━━━━━━━━━━━━━━━━━━━━━━━━━━━━━━━━━━━━━━━━━━━━━━━━━━━━━━━━━━━━━━━━━━━━━━━━━━━━━━━━━━━━━━━━━━━━━━━━━━━━━━━━━━━━┳━━━━━━━━━━━━━━━━━━━━━━━━━━━━┓
┃ Cell                                                                                                                            ┃ Count                      ┃
┡━━━━━━━━━━━━━━━━━━━━━━━━━━━━━━━━━━━━━━━━━━━━━━━━━━━━━━━━━━━━━━━━━━━━━━━━━━━━━━━━━━━━━━━━━━━━━━━━━━━━━━━━━━━━━━━━━━━━━━━━━━━━━━━━━╇━━━━━━━━━━━━━━━━━━━━━━━━━━━━┩
│ sky130_ef_sc_hd__decap_12                                                                                                       │ 29                         │
│ sky130_fd_sc_hd__a211o_1                                                                                                        │ 2                          │
│ sky130_fd_sc_hd__a21bo_1                                                                                                        │ 1                          │
│ sky130_fd_sc_hd__a21bo_2                                                                                                        │ 1                          │
│ sky130_fd_sc_hd__a21o_1                                                                                                         │ 20                         │
│ sky130_fd_sc_hd__a21oi_1                                                                                                        │ 4                          │
│ sky130_fd_sc_hd__a22o_1                                                                                                         │ 3                          │
│ sky130_fd_sc_hd__a2bb2o_1                                                                                                       │ 2                          │
│ sky130_fd_sc_hd__a311oi_1                                                                                                       │ 1                          │
│ sky130_fd_sc_hd__a31o_1                                                                                                         │ 4                          │
│ sky130_fd_sc_hd__a32o_1                                                                                                         │ 7                          │
│ sky130_fd_sc_hd__and2_1                                                                                                         │ 7                          │
│ sky130_fd_sc_hd__and2_2                                                                                                         │ 1                          │
│ sky130_fd_sc_hd__and2b_1                                                                                                        │ 1                          │
│ sky130_fd_sc_hd__and3_1                                                                                                         │ 4                          │
│ sky130_fd_sc_hd__and4_1                                                                                                         │ 2                          │
│ sky130_fd_sc_hd__and4_2                                                                                                         │ 2                          │
│ sky130_fd_sc_hd__buf_1                                                                                                          │ 3                          │
│ sky130_fd_sc_hd__buf_2                                                                                                          │ 32                         │
│ sky130_fd_sc_hd__clkbuf_1                                                                                                       │ 16                         │
│ sky130_fd_sc_hd__clkbuf_16                                                                                                      │ 5                          │
│ sky130_fd_sc_hd__clkbuf_2                                                                                                       │ 2                          │
│ sky130_fd_sc_hd__clkbuf_4                                                                                                       │ 2                          │
│ sky130_fd_sc_hd__clkbuf_8                                                                                                       │ 1                          │
│ sky130_fd_sc_hd__decap_3                                                                                                        │ 76                         │
│ sky130_fd_sc_hd__decap_4                                                                                                        │ 24                         │
│ sky130_fd_sc_hd__decap_6                                                                                                        │ 13                         │
│ sky130_fd_sc_hd__decap_8                                                                                                        │ 20                         │
│ sky130_fd_sc_hd__dfxtp_1                                                                                                        │ 35                         │
│ sky130_fd_sc_hd__dfxtp_2                                                                                                        │ 5                          │
│ sky130_fd_sc_hd__dlygate4sd3_1                                                                                                  │ 26                         │
│ sky130_fd_sc_hd__fill_1                                                                                                         │ 50                         │
│ sky130_fd_sc_hd__fill_2                                                                                                         │ 41                         │
│ sky130_fd_sc_hd__inv_2                                                                                                          │ 5                          │
│ sky130_fd_sc_hd__mux2_1                                                                                                         │ 1                          │
│ sky130_fd_sc_hd__nand2_1                                                                                                        │ 9                          │
│ sky130_fd_sc_hd__nand2_2                                                                                                        │ 1                          │
│ sky130_fd_sc_hd__nand2b_1                                                                                                       │ 1                          │
│ sky130_fd_sc_hd__nand2b_2                                                                                                       │ 1                          │
│ sky130_fd_sc_hd__nand3_1                                                                                                        │ 3                          │
│ sky130_fd_sc_hd__nor2_1                                                                                                         │ 6                          │
│ sky130_fd_sc_hd__nor3_1                                                                                                         │ 1                          │
│ sky130_fd_sc_hd__o211a_1                                                                                                        │ 12                         │
│ sky130_fd_sc_hd__o21ai_1                                                                                                        │ 5                          │
│ sky130_fd_sc_hd__o21ba_1                                                                                                        │ 1                          │
│ sky130_fd_sc_hd__o221a_1                                                                                                        │ 8                          │
│ sky130_fd_sc_hd__o22a_1                                                                                                         │ 1                          │
│ sky130_fd_sc_hd__o311a_1                                                                                                        │ 1                          │
│ sky130_fd_sc_hd__o311a_2                                                                                                        │ 1                          │
│ sky130_fd_sc_hd__o31a_1                                                                                                         │ 2                          │
│ sky130_fd_sc_hd__or2_1                                                                                                          │ 11                         │
│ sky130_fd_sc_hd__or2_2                                                                                                          │ 1                          │
│ sky130_fd_sc_hd__or2_4                                                                                                          │ 1                          │
│ sky130_fd_sc_hd__or3_1                                                                                                          │ 4                          │
│ sky130_fd_sc_hd__or4_1                                                                                                          │ 3                          │
│ sky130_fd_sc_hd__or4_2                                                                                                          │ 2                          │
│ sky130_fd_sc_hd__tapvpwrvgnd_1                                                                                                  │ 50                         │
│ sky130_fd_sc_hd__xnor2_1                                                                                                        │ 3                          │
└─────────────────────────────────────────────────────────────────────────────────────────────────────────────────────────────────┴────────────────────────────┘
