Clock: clk
Sources: clk 
Generated: no
Virtual: yes
Propagated: no
Period: 20.000000

===========================================================================
report_clock_properties
============================================================================
Clock                   Period          Waveform
----------------------------------------------------
clk                  20.000000    0.000000 10.000000

===========================================================================
report_clock_latency
============================================================================
Clock clk
rise -> rise
    min     max
0.000000 0.000000 source latency
0.322347         network latency _321_/CLK
        0.323722 network latency _312_/CLK
---------------
0.322347 0.323722 latency
        0.001375 skew

fall -> fall
    min     max
0.000000 0.000000 source latency
0.315844         network latency _321_/CLK
        0.316943 network latency _312_/CLK
---------------
0.315844 0.316943 latency
        0.001099 skew



===========================================================================
report_clock_min_period
============================================================================
clk period_min = 2.78 fmax = 359.83
