Clock: clk
Sources: clk 
Generated: no
Virtual: yes
Propagated: no
Period: 20.000000

===========================================================================
report_clock_properties
============================================================================
Clock                   Period          Waveform
----------------------------------------------------
clk                  20.000000    0.000000 10.000000

===========================================================================
report_clock_latency
============================================================================
Clock clk
rise -> rise
    min     max
0.000000 0.000000 source latency
0.239809         network latency _322_/CLK
        0.242359 network latency _317_/CLK
---------------
0.239809 0.242359 latency
        0.002550 skew

fall -> fall
    min     max
0.000000 0.000000 source latency
0.225513         network latency _322_/CLK
        0.227888 network latency _317_/CLK
---------------
0.225513 0.227888 latency
        0.002375 skew



===========================================================================
report_clock_min_period
============================================================================
clk period_min = 1.83 fmax = 547.92
