Reading OpenROAD database at '/home/dyoon06/sram-sky130/module3-physical-design/config/runs/RUN_2026-05-11_19-23-54/38-openroad-globalrouting/mbist_ctrl.odb'…
Reading library file at '/home/dyoon06/pdk/volare/sky130/versions/0fe599b2afb6708d281543108caf8310912f54af/sky130A/libs.ref/sky130_fd_sc_hd/lib/sky130_fd_sc_hd__tt_025C_1v80.lib'…
Reading design constraints file at '/nix/store/ss2cw3sxbrwwx9jl0rrppbw4kgcmgi2n-python3-3.11.9-env/lib/python3.11/site-packages/openlane/scripts/base.sdc'…
[INFO] Using clock clk…
[INFO] Setting output delay to: 4.0
[INFO] Setting input delay to: 4.0
[INFO] Setting load to: 0.033442
[INFO] Setting clock uncertainty to: 0.25
[INFO] Setting clock transition to: 0.1499999999999999944488848768742172978818416595458984375
[INFO] Setting timing derate to: 5%
[INFO] Setting signal min routing layer to: met1 and clock min routing layer to met1. 
[INFO] Setting signal max routing layer to: met5 and clock max routing layer to met5. 
-congestion_iterations 50 -verbose
[INFO GRT-0020] Min routing layer: met1
[INFO GRT-0021] Max routing layer: met5
[INFO GRT-0022] Global adjustment: 30%
[INFO GRT-0023] Grid origin: (0, 0)
[INFO GRT-0043] No OR_DEFAULT vias defined.
[INFO GRT-0088] Layer li1     Track-Pitch = 0.4600  line-2-Via Pitch: 0.3400
[INFO GRT-0088] Layer met1    Track-Pitch = 0.3400  line-2-Via Pitch: 0.3400
[INFO GRT-0088] Layer met2    Track-Pitch = 0.4600  line-2-Via Pitch: 0.3500
[INFO GRT-0088] Layer met3    Track-Pitch = 0.6800  line-2-Via Pitch: 0.6150
[INFO GRT-0088] Layer met4    Track-Pitch = 0.9200  line-2-Via Pitch: 1.0400
[INFO GRT-0088] Layer met5    Track-Pitch = 3.4000  line-2-Via Pitch: 3.1100
[INFO GRT-0019] Found 6 clock nets.
[INFO GRT-0001] Minimum degree: 2
[INFO GRT-0002] Maximum degree: 12
[INFO GRT-0003] Macros: 0
[INFO GRT-0043] No OR_DEFAULT vias defined.
[INFO GRT-0004] Blockages: 560

[INFO GRT-0053] Routing resources analysis:
          Routing      Original      Derated      Resource
Layer     Direction    Resources     Resources    Reduction (%)
---------------------------------------------------------------
li1        Vertical            0             0          0.00%
met1       Horizontal       2410          1156          52.03%
met2       Vertical         1950          1177          39.64%
met3       Horizontal       1200           765          36.25%
met4       Vertical          804           457          43.16%
met5       Horizontal        236           108          54.24%
---------------------------------------------------------------

[INFO GRT-0197] Via related to pin nodes: 1377
[INFO GRT-0198] Via related Steiner nodes: 15
[INFO GRT-0199] Via filling finished.
[INFO GRT-0111] Final number of vias: 1687
[INFO GRT-0112] Final usage 3D: 5682

[INFO GRT-0096] Final congestion report:
Layer         Resource        Demand        Usage (%)    Max H / Max V / Total Overflow
---------------------------------------------------------------------------------------
li1                  0             0            0.00%             0 /  0 /  0
met1              1156           316           27.34%             0 /  0 /  0
met2              1177           288           24.47%             0 /  0 /  0
met3               765            14            1.83%             0 /  0 /  0
met4               457             3            0.66%             0 /  0 /  0
met5               108             0            0.00%             0 /  0 /  0
---------------------------------------------------------------------------------------
Total             3663           621           16.95%             0 /  0 /  0

[INFO GRT-0018] Total wirelength: 8045 um
[INFO GRT-0014] Routed nets: 281
[INFO GRT-0006] Repairing antennas, iteration 1.
[INFO GRT-0043] No OR_DEFAULT vias defined.
[INFO GRT-0012] Found 0 antenna violations.
Placement Analysis
---------------------------------
total displacement          0.0 u
average displacement        0.0 u
max displacement            0.0 u
original HPWL            3930.3 u
legalized HPWL           4156.7 u
delta HPWL                    6 %

[INFO DPL-0020] Mirrored 116 instances
[INFO DPL-0021] HPWL before            4156.7 u
[INFO DPL-0022] HPWL after             3930.3 u
[INFO DPL-0023] HPWL delta               -5.4 %
-congestion_iterations 50 -verbose
[INFO GRT-0020] Min routing layer: met1
[INFO GRT-0021] Max routing layer: met5
[INFO GRT-0022] Global adjustment: 30%
[INFO GRT-0023] Grid origin: (0, 0)
[INFO GRT-0043] No OR_DEFAULT vias defined.
[INFO GRT-0088] Layer li1     Track-Pitch = 0.4600  line-2-Via Pitch: 0.3400
[INFO GRT-0088] Layer met1    Track-Pitch = 0.3400  line-2-Via Pitch: 0.3400
[INFO GRT-0088] Layer met2    Track-Pitch = 0.4600  line-2-Via Pitch: 0.3500
[INFO GRT-0088] Layer met3    Track-Pitch = 0.6800  line-2-Via Pitch: 0.6150
[INFO GRT-0088] Layer met4    Track-Pitch = 0.9200  line-2-Via Pitch: 1.0400
[INFO GRT-0088] Layer met5    Track-Pitch = 3.4000  line-2-Via Pitch: 3.1100
[INFO GRT-0019] Found 6 clock nets.
[INFO GRT-0001] Minimum degree: 2
[INFO GRT-0002] Maximum degree: 12
[INFO GRT-0003] Macros: 0
[INFO GRT-0043] No OR_DEFAULT vias defined.
[INFO GRT-0004] Blockages: 560

[INFO GRT-0053] Routing resources analysis:
          Routing      Original      Derated      Resource
Layer     Direction    Resources     Resources    Reduction (%)
---------------------------------------------------------------
li1        Vertical            0             0          0.00%
met1       Horizontal       2410          1156          52.03%
met2       Vertical         1950          1177          39.64%
met3       Horizontal       1200           765          36.25%
met4       Vertical          804           457          43.16%
met5       Horizontal        236           108          54.24%
---------------------------------------------------------------

[INFO GRT-0197] Via related to pin nodes: 1377
[INFO GRT-0198] Via related Steiner nodes: 15
[INFO GRT-0199] Via filling finished.
[INFO GRT-0111] Final number of vias: 1687
[INFO GRT-0112] Final usage 3D: 5682

[INFO GRT-0096] Final congestion report:
Layer         Resource        Demand        Usage (%)    Max H / Max V / Total Overflow
---------------------------------------------------------------------------------------
li1                  0             0            0.00%             0 /  0 /  0
met1              1156           316           27.34%             0 /  0 /  0
met2              1177           288           24.47%             0 /  0 /  0
met3               765            14            1.83%             0 /  0 /  0
met4               457             3            0.66%             0 /  0 /  0
met5               108             0            0.00%             0 /  0 /  0
---------------------------------------------------------------------------------------
Total             3663           621           16.95%             0 /  0 /  0

[INFO GRT-0018] Total wirelength: 8045 um
[INFO GRT-0014] Routed nets: 281
[INFO] Setting RC values…
Setting global connections for newly added cells…
[INFO] Setting global connections...
Updating metrics…
Cell type report:                       Count       Area
  Fill cell                                46     172.67
  Tap cell                                 50      62.56
  Buffer                                    7      26.28
  Clock buffer                              8     153.90
  Timing Repair Buffer                     72     475.46
  Inverter                                  5      18.77
  Sequential cell                          40     807.02
  Multi-Input combinational cell          141    1066.02
  Total                                   369    2782.67
Writing OpenROAD database to '/home/dyoon06/sram-sky130/module3-physical-design/config/runs/RUN_2026-05-11_19-23-54/41-openroad-repairantennas/1-diodeinsertion/mbist_ctrl.odb'…
Writing layout to '/home/dyoon06/sram-sky130/module3-physical-design/config/runs/RUN_2026-05-11_19-23-54/41-openroad-repairantennas/1-diodeinsertion/mbist_ctrl.def'…
